res：userid/377291
et：2182226197
key：N4RxWsn8VrBqlMkvZlREvqLblsSMz2D7Jg1GsoPwh/UhTcrC9mycBlPqLSFjD+qS
method:sha1
version:2022-05-01
Token：version=2022-05-01&res=userid%2F377291&et=2182226197&method=sha1&sign=pjARVkd%2Bwxs%2BxRXzmpX7hdnR%2FTo%3D


res：userid/377291
et：2056760404
key：N4RxWsn8VrBqlMkvZlREvqLblsSMz2D7Jg1GsoPwh/UhTcrC9mycBlPqLSFjD+qS
method:md5
version:2018-10-31
Token：version=2018-10-31&res=userid%2F377291&et=2056760404&method=md5&sign=qF90zjQQHD%2BfmfM0gw2oNg%3D%3D


res：userid/377291
et：2056760404
key：N4RxWsn8VrBqlMkvZlREvqLblsSMz2D7Jg1GsoPwh/UhTcrC9mycBlPqLSFjD+qS
method:sha1
version:2022-05-01
Token：version=2022-05-01&res=userid%2F377291&et=2056760404&method=sha1&sign=vLGBXrlJZEeU3v31Q8e0OgFP7ZY%3D


res：products/pOLtb0BC33/devices/test1
et：2056760404
key：OGVlRzFpTkhlRUdMZVJYMFFSdmozMkJ1bU44QXlKbGU=
method:md5
version:2018-10-31
Token：version=2018-10-31&res=products%2FpOLtb0BC33%2Fdevices%2Ftest1&et=2056760404&method=md5&sign=%2Buds%2BAvT%2BF6aB8riymIECQ%3D%3D


